2025-09-28 23:34:40,241 [INFO] Descargando 500 velas para R_100 (tf=1m)
2025-09-28 23:34:40,270 [INFO] Descargando 500 velas para R_100 (tf=5m)
2025-09-28 23:34:40,298 [INFO] Descargando 500 velas para R_100 (tf=1h)
2025-09-28 23:34:40,322 [DEBUG] Votos: {'buy': 0, 'sell': 2}
2025-09-28 23:34:40,323 [INFO] Señal detectada: sell
2025-09-28 23:35:07,936 [INFO] Descargando 500 velas para R_100 (tf=1m)
2025-09-28 23:35:07,963 [INFO] Descargando 500 velas para R_100 (tf=5m)
2025-09-28 23:35:07,988 [INFO] Descargando 500 velas para R_100 (tf=1h)
2025-09-28 23:35:08,016 [DEBUG] Votos: {'buy': 1, 'sell': 2}
2025-09-28 23:35:08,016 [INFO] Señal detectada: sell
2025-09-28 23:35:08,018 [INFO] DRY-RUN Order: {'symbol': 'R_100', 'side': 'sell', 'amount': 3.0, 'stop_loss': 989.9996253432804, 'take_profit': 980.3627238793425}
2025-09-28 23:35:08,019 [INFO] Resultado orden: {'status': 'simulated', 'order': {'symbol': 'R_100', 'side': 'sell', 'amount': 3.0, 'stop_loss': 989.9996253432804, 'take_profit': 980.3627238793425}}
2025-09-28 23:37:41,102 [INFO] Descargando 500 velas para R_100 (tf=1m)
2025-09-28 23:37:41,146 [INFO] Descargando 500 velas para R_100 (tf=5m)
2025-09-28 23:37:41,198 [INFO] Descargando 500 velas para R_100 (tf=1h)
2025-09-28 23:37:41,233 [DEBUG] Votos: {'buy': 1, 'sell': 0}
2025-09-28 23:37:41,234 [INFO] Señal detectada: buy
2025-09-28 23:37:41,234 [INFO] DRY-RUN Order: {'symbol': 'R_100', 'side': 'buy', 'amount': 3.0, 'stop_loss': 1029.7383695936703, 'take_profit': 1039.7240513539514}
2025-09-28 23:37:41,236 [INFO] Resultado orden: {'status': 'simulated', 'order': {'symbol': 'R_100', 'side': 'buy', 'amount': 3.0, 'stop_loss': 1029.7383695936703, 'take_profit': 1039.7240513539514}}
2025-09-28 23:44:58,407 [INFO] Descargando 500 velas para R_100 (tf=1m)
2025-09-28 23:44:58,432 [INFO] Descargando 500 velas para R_100 (tf=5m)
2025-09-28 23:44:58,454 [INFO] Descargando 500 velas para R_100 (tf=1h)
2025-09-28 23:44:58,477 [DEBUG] Votos: {'buy': 0, 'sell': 1}
2025-09-28 23:44:58,478 [DEBUG] Votos: {'buy': 0, 'sell': 1}
2025-09-28 23:44:58,479 [DEBUG] Votos: {'buy': 0, 'sell': 1}
2025-09-28 23:44:58,480 [DEBUG] Votos: {'buy': 0, 'sell': 1}
2025-09-28 23:44:58,481 [DEBUG] Votos: {'buy': 0, 'sell': 1}
2025-09-28 23:44:58,481 [DEBUG] Votos: {'buy': 1, 'sell': 0}
2025-09-28 23:44:58,482 [DEBUG] Votos: {'buy': 1, 'sell': 0}
2025-09-28 23:44:58,483 [DEBUG] Votos: {'buy': 1, 'sell': 0}
2025-09-28 23:44:58,483 [DEBUG] Votos: {'buy': 1, 'sell': 0}
2025-09-28 23:44:58,484 [DEBUG] Votos: {'buy': 1, 'sell': 0}
2025-09-28 23:44:58,485 [DEBUG] Votos: {'buy': 0, 'sell': 0}
2025-09-28 23:44:58,485 [DEBUG] Votos: {'buy': 0, 'sell': 0}
2025-09-28 23:44:58,486 [DEBUG] Votos: {'buy': 0, 'sell': 0}
2025-09-28 23:44:58,486 [DEBUG] Votos: {'buy': 0, 'sell': 0}
2025-09-28 23:44:58,487 [DEBUG] Votos: {'buy': 0, 'sell': 0}
2025-09-28 23:44:58,488 [DEBUG] Votos: {'buy': 0, 'sell': 0}
2025-09-28 23:44:58,488 [DEBUG] Votos: {'buy': 0, 'sell': 1}
2025-09-28 23:44:58,489 [DEBUG] Votos: {'buy': 0, 'sell': 1}
2025-09-28 23:44:58,489 [DEBUG] Votos: {'buy': 0, 'sell': 1}
2025-09-28 23:44:58,490 [DEBUG] Votos: {'buy': 0, 'sell': 1}
2025-09-28 23:44:58,491 [DEBUG] Votos: {'buy': 0, 'sell': 1}
2025-09-28 23:44:58,491 [DEBUG] Votos: {'buy': 0, 'sell': 0}
2025-09-28 23:44:58,491 [DEBUG] Votos: {'buy': 0, 'sell': 1}
2025-09-28 23:44:58,493 [DEBUG] Votos: {'buy': 0, 'sell': 0}
2025-09-28 23:44:58,493 [DEBUG] Votos: {'buy': 0, 'sell': 0}
2025-09-28 23:44:58,495 [DEBUG] Votos: {'buy': 0, 'sell': 1}
2025-09-28 23:44:58,496 [DEBUG] Votos: {'buy': 0, 'sell': 1}
2025-09-28 23:44:58,497 [DEBUG] Votos: {'buy': 0, 'sell': 1}
2025-09-28 23:44:58,498 [DEBUG] Votos: {'buy': 0, 'sell': 1}
2025-09-28 23:44:58,498 [DEBUG] Votos: {'buy': 0, 'sell': 1}
2025-09-28 23:44:58,499 [DEBUG] Votos: {'buy': 0, 'sell': 1}
2025-09-28 23:44:58,500 [DEBUG] Votos: {'buy': 0, 'sell': 1}
2025-09-28 23:44:58,501 [DEBUG] Votos: {'buy': 0, 'sell': 1}
2025-09-28 23:44:58,501 [DEBUG] Votos: {'buy': 0, 'sell': 1}
2025-09-28 23:44:58,501 [DEBUG] Votos: {'buy': 0, 'sell': 1}
2025-09-28 23:44:58,503 [DEBUG] Votos: {'buy': 0, 'sell': 1}
2025-09-28 23:44:58,504 [DEBUG] Votos: {'buy': 1, 'sell': 1}
2025-09-28 23:44:58,505 [DEBUG] Votos: {'buy': 1, 'sell': 1}
2025-09-28 23:44:58,505 [DEBUG] Votos: {'buy': 1, 'sell': 1}
2025-09-28 23:44:58,506 [DEBUG] Votos: {'buy': 1, 'sell': 1}
2025-09-28 23:44:58,507 [DEBUG] Votos: {'buy': 1, 'sell': 1}
2025-09-28 23:44:58,507 [DEBUG] Votos: {'buy': 1, 'sell': 1}
2025-09-28 23:44:58,508 [DEBUG] Votos: {'buy': 1, 'sell': 1}
2025-09-28 23:44:58,508 [DEBUG] Votos: {'buy': 1, 'sell': 1}
2025-09-28 23:44:58,509 [DEBUG] Votos: {'buy': 1, 'sell': 1}
2025-09-28 23:44:58,509 [DEBUG] Votos: {'buy': 1, 'sell': 1}
2025-09-28 23:44:58,510 [DEBUG] Votos: {'buy': 1, 'sell': 0}
2025-09-28 23:44:58,511 [DEBUG] Votos: {'buy': 1, 'sell': 0}
2025-09-28 23:44:58,512 [DEBUG] Votos: {'buy': 1, 'sell': 0}
2025-09-28 23:44:58,512 [DEBUG] Votos: {'buy': 1, 'sell': 0}
2025-09-28 23:44:58,513 [DEBUG] Votos: {'buy': 1, 'sell': 0}
2025-09-28 23:44:58,513 [DEBUG] Votos: {'buy': 1, 'sell': 0}
2025-09-28 23:44:58,514 [DEBUG] Votos: {'buy': 1, 'sell': 0}
2025-09-28 23:44:58,515 [DEBUG] Votos: {'buy': 1, 'sell': 0}
2025-09-28 23:44:58,515 [DEBUG] Votos: {'buy': 1, 'sell': 0}
2025-09-28 23:44:58,516 [DEBUG] Votos: {'buy': 1, 'sell': 0}
2025-09-28 23:44:58,516 [DEBUG] Votos: {'buy': 1, 'sell': 1}
2025-09-28 23:44:58,517 [DEBUG] Votos: {'buy': 1, 'sell': 0}
2025-09-28 23:44:58,518 [DEBUG] Votos: {'buy': 1, 'sell': 0}
2025-09-28 23:44:58,518 [DEBUG] Votos: {'buy': 1, 'sell': 0}
2025-09-28 23:44:58,519 [DEBUG] Votos: {'buy': 1, 'sell': 0}
2025-09-28 23:44:58,520 [DEBUG] Votos: {'buy': 1, 'sell': 0}
2025-09-28 23:44:58,520 [DEBUG] Votos: {'buy': 1, 'sell': 0}
2025-09-28 23:44:58,521 [DEBUG] Votos: {'buy': 1, 'sell': 0}
2025-09-28 23:44:58,521 [DEBUG] Votos: {'buy': 1, 'sell': 0}
2025-09-28 23:44:58,522 [DEBUG] Votos: {'buy': 1, 'sell': 0}
2025-09-28 23:44:58,523 [DEBUG] Votos: {'buy': 1, 'sell': 0}
2025-09-28 23:44:58,523 [DEBUG] Votos: {'buy': 1, 'sell': 0}
2025-09-28 23:44:58,524 [DEBUG] Votos: {'buy': 1, 'sell': 0}
2025-09-28 23:44:58,524 [DEBUG] Votos: {'buy': 1, 'sell': 0}
2025-09-28 23:44:58,525 [DEBUG] Votos: {'buy': 1, 'sell': 0}
2025-09-28 23:44:58,526 [DEBUG] Votos: {'buy': 1, 'sell': 0}
2025-09-28 23:44:58,527 [DEBUG] Votos: {'buy': 0, 'sell': 0}
2025-09-28 23:44:58,527 [DEBUG] Votos: {'buy': 0, 'sell': 0}
2025-09-28 23:44:58,528 [DEBUG] Votos: {'buy': 0, 'sell': 0}
2025-09-28 23:44:58,528 [DEBUG] Votos: {'buy': 0, 'sell': 0}
2025-09-28 23:44:58,529 [DEBUG] Votos: {'buy': 0, 'sell': 0}
2025-09-28 23:44:58,530 [DEBUG] Votos: {'buy': 0, 'sell': 0}
2025-09-28 23:44:58,530 [DEBUG] Votos: {'buy': 0, 'sell': 0}
2025-09-28 23:44:58,531 [DEBUG] Votos: {'buy': 0, 'sell': 0}
2025-09-28 23:44:58,531 [DEBUG] Votos: {'buy': 0, 'sell': 0}
2025-09-28 23:44:58,532 [DEBUG] Votos: {'buy': 0, 'sell': 0}
2025-09-28 23:44:58,533 [DEBUG] Votos: {'buy': 0, 'sell': 0}
2025-09-28 23:44:58,534 [DEBUG] Votos: {'buy': 0, 'sell': 0}
2025-09-28 23:44:58,534 [DEBUG] Votos: {'buy': 1, 'sell': 0}
2025-09-28 23:44:58,535 [DEBUG] Votos: {'buy': 1, 'sell': 0}
2025-09-28 23:44:58,536 [DEBUG] Votos: {'buy': 2, 'sell': 1}
2025-09-28 23:44:58,536 [DEBUG] Votos: {'buy': 2, 'sell': 1}
2025-09-28 23:44:58,537 [DEBUG] Votos: {'buy': 2, 'sell': 1}
2025-09-28 23:44:58,537 [DEBUG] Votos: {'buy': 2, 'sell': 0}
2025-09-28 23:44:58,538 [DEBUG] Votos: {'buy': 2, 'sell': 0}
2025-09-28 23:44:58,539 [DEBUG] Votos: {'buy': 2, 'sell': 0}
2025-09-28 23:44:58,539 [DEBUG] Votos: {'buy': 2, 'sell': 0}
2025-09-28 23:44:58,540 [DEBUG] Votos: {'buy': 2, 'sell': 0}
2025-09-28 23:44:58,541 [DEBUG] Votos: {'buy': 1, 'sell': 0}
2025-09-28 23:44:58,542 [DEBUG] Votos: {'buy': 1, 'sell': 1}
2025-09-28 23:44:58,542 [DEBUG] Votos: {'buy': 0, 'sell': 0}
2025-09-28 23:44:58,543 [DEBUG] Votos: {'buy': 0, 'sell': 0}
2025-09-28 23:44:58,543 [DEBUG] Votos: {'buy': 0, 'sell': 0}
2025-09-28 23:44:58,544 [DEBUG] Votos: {'buy': 0, 'sell': 0}
2025-09-28 23:44:58,544 [DEBUG] Votos: {'buy': 0, 'sell': 0}
2025-09-28 23:44:58,545 [DEBUG] Votos: {'buy': 0, 'sell': 0}
2025-09-28 23:44:58,546 [DEBUG] Votos: {'buy': 0, 'sell': 0}
2025-09-28 23:44:58,546 [DEBUG] Votos: {'buy': 0, 'sell': 0}
2025-09-28 23:44:58,547 [DEBUG] Votos: {'buy': 0, 'sell': 0}
2025-09-28 23:44:58,547 [DEBUG] Votos: {'buy': 0, 'sell': 1}
2025-09-28 23:44:58,548 [DEBUG] Votos: {'buy': 1, 'sell': 0}
2025-09-28 23:44:58,549 [DEBUG] Votos: {'buy': 1, 'sell': 0}
2025-09-28 23:44:58,550 [DEBUG] Votos: {'buy': 1, 'sell': 1}
2025-09-28 23:44:58,550 [DEBUG] Votos: {'buy': 1, 'sell': 0}
2025-09-28 23:44:58,551 [DEBUG] Votos: {'buy': 1, 'sell': 0}
2025-09-28 23:44:58,552 [DEBUG] Votos: {'buy': 1, 'sell': 0}
2025-09-28 23:44:58,552 [DEBUG] Votos: {'buy': 1, 'sell': 0}
2025-09-28 23:44:58,553 [DEBUG] Votos: {'buy': 1, 'sell': 0}
2025-09-28 23:44:58,553 [DEBUG] Votos: {'buy': 1, 'sell': 0}
2025-09-28 23:44:58,554 [DEBUG] Votos: {'buy': 1, 'sell': 0}
2025-09-28 23:44:58,555 [DEBUG] Votos: {'buy': 1, 'sell': 0}
2025-09-28 23:44:58,555 [DEBUG] Votos: {'buy': 1, 'sell': 0}
2025-09-28 23:44:58,556 [DEBUG] Votos: {'buy': 1, 'sell': 0}
2025-09-28 23:44:58,557 [DEBUG] Votos: {'buy': 0, 'sell': 0}
2025-09-28 23:44:58,557 [DEBUG] Votos: {'buy': 0, 'sell': 0}
2025-09-28 23:44:58,558 [DEBUG] Votos: {'buy': 1, 'sell': 0}
2025-09-28 23:44:58,558 [DEBUG] Votos: {'buy': 1, 'sell': 0}
2025-09-28 23:44:58,559 [DEBUG] Votos: {'buy': 2, 'sell': 0}
2025-09-28 23:44:58,560 [DEBUG] Votos: {'buy': 2, 'sell': 0}
2025-09-28 23:44:58,560 [DEBUG] Votos: {'buy': 1, 'sell': 0}
2025-09-28 23:44:58,561 [DEBUG] Votos: {'buy': 2, 'sell': 0}
2025-09-28 23:44:58,561 [DEBUG] Votos: {'buy': 2, 'sell': 0}
2025-09-28 23:44:58,563 [DEBUG] Votos: {'buy': 2, 'sell': 0}
2025-09-28 23:44:58,564 [DEBUG] Votos: {'buy': 2, 'sell': 0}
2025-09-28 23:44:58,564 [DEBUG] Votos: {'buy': 2, 'sell': 0}
2025-09-28 23:44:58,565 [DEBUG] Votos: {'buy': 2, 'sell': 0}
2025-09-28 23:44:58,566 [DEBUG] Votos: {'buy': 2, 'sell': 0}
2025-09-28 23:44:58,566 [DEBUG] Votos: {'buy': 1, 'sell': 0}
2025-09-28 23:44:58,567 [DEBUG] Votos: {'buy': 2, 'sell': 0}
2025-09-28 23:44:58,568 [DEBUG] Votos: {'buy': 1, 'sell': 0}
2025-09-28 23:44:58,568 [DEBUG] Votos: {'buy': 2, 'sell': 0}
2025-09-28 23:44:58,569 [DEBUG] Votos: {'buy': 2, 'sell': 0}
2025-09-28 23:44:58,570 [DEBUG] Votos: {'buy': 2, 'sell': 0}
2025-09-28 23:44:58,570 [DEBUG] Votos: {'buy': 2, 'sell': 0}
2025-09-28 23:44:58,571 [DEBUG] Votos: {'buy': 1, 'sell': 0}
2025-09-28 23:44:58,572 [DEBUG] Votos: {'buy': 1, 'sell': 0}
2025-09-28 23:44:58,572 [DEBUG] Votos: {'buy': 2, 'sell': 0}
2025-09-28 23:44:58,573 [DEBUG] Votos: {'buy': 1, 'sell': 0}
2025-09-28 23:44:58,573 [DEBUG] Votos: {'buy': 1, 'sell': 0}
2025-09-28 23:44:58,574 [DEBUG] Votos: {'buy': 0, 'sell': 0}
2025-09-28 23:44:58,575 [DEBUG] Votos: {'buy': 0, 'sell': 0}
2025-09-28 23:44:58,575 [DEBUG] Votos: {'buy': 2, 'sell': 0}
2025-09-28 23:44:58,576 [DEBUG] Votos: {'buy': 2, 'sell': 0}
2025-09-28 23:44:58,577 [DEBUG] Votos: {'buy': 2, 'sell': 0}
2025-09-28 23:44:58,577 [DEBUG] Votos: {'buy': 2, 'sell': 0}
2025-09-28 23:44:58,578 [DEBUG] Votos: {'buy': 1, 'sell': 0}
2025-09-28 23:44:58,579 [DEBUG] Votos: {'buy': 1, 'sell': 0}
2025-09-28 23:44:58,579 [DEBUG] Votos: {'buy': 1, 'sell': 0}
2025-09-28 23:44:58,580 [DEBUG] Votos: {'buy': 1, 'sell': 0}
2025-09-28 23:44:58,580 [DEBUG] Votos: {'buy': 1, 'sell': 0}
2025-09-28 23:44:58,581 [DEBUG] Votos: {'buy': 0, 'sell': 0}
2025-09-28 23:44:58,581 [DEBUG] Votos: {'buy': 0, 'sell': 0}
2025-09-28 23:44:58,583 [DEBUG] Votos: {'buy': 0, 'sell': 0}
2025-09-28 23:44:58,583 [DEBUG] Votos: {'buy': 0, 'sell': 0}
2025-09-28 23:44:58,584 [DEBUG] Votos: {'buy': 0, 'sell': 0}
2025-09-28 23:44:58,584 [DEBUG] Votos: {'buy': 1, 'sell': 0}
2025-09-28 23:44:58,585 [DEBUG] Votos: {'buy': 1, 'sell': 0}
2025-09-28 23:44:58,586 [DEBUG] Votos: {'buy': 2, 'sell': 0}
2025-09-28 23:44:58,586 [DEBUG] Votos: {'buy': 2, 'sell': 0}
2025-09-28 23:44:58,587 [DEBUG] Votos: {'buy': 1, 'sell': 0}
2025-09-28 23:44:58,588 [DEBUG] Votos: {'buy': 2, 'sell': 0}
2025-09-28 23:44:58,589 [DEBUG] Votos: {'buy': 1, 'sell': 0}
2025-09-28 23:44:58,589 [DEBUG] Votos: {'buy': 1, 'sell': 0}
2025-09-28 23:44:58,590 [DEBUG] Votos: {'buy': 1, 'sell': 0}
2025-09-28 23:44:58,590 [DEBUG] Votos: {'buy': 1, 'sell': 0}
2025-09-28 23:44:58,591 [DEBUG] Votos: {'buy': 1, 'sell': 0}
2025-09-28 23:44:58,592 [DEBUG] Votos: {'buy': 1, 'sell': 0}
2025-09-28 23:44:58,592 [DEBUG] Votos: {'buy': 2, 'sell': 0}
2025-09-28 23:44:58,593 [DEBUG] Votos: {'buy': 2, 'sell': 0}
2025-09-28 23:44:58,593 [DEBUG] Votos: {'buy': 2, 'sell': 0}
2025-09-28 23:44:58,594 [DEBUG] Votos: {'buy': 1, 'sell': 0}
2025-09-28 23:44:58,594 [DEBUG] Votos: {'buy': 1, 'sell': 0}
2025-09-28 23:44:58,595 [DEBUG] Votos: {'buy': 1, 'sell': 0}
2025-09-28 23:44:58,596 [DEBUG] Votos: {'buy': 2, 'sell': 0}
2025-09-28 23:44:58,596 [DEBUG] Votos: {'buy': 2, 'sell': 0}
2025-09-28 23:44:58,597 [DEBUG] Votos: {'buy': 1, 'sell': 0}
2025-09-28 23:44:58,598 [DEBUG] Votos: {'buy': 1, 'sell': 0}
2025-09-28 23:44:58,598 [DEBUG] Votos: {'buy': 2, 'sell': 0}
2025-09-28 23:44:58,600 [DEBUG] Votos: {'buy': 2, 'sell': 0}
2025-09-28 23:44:58,601 [DEBUG] Votos: {'buy': 1, 'sell': 0}
2025-09-28 23:44:58,601 [DEBUG] Votos: {'buy': 1, 'sell': 0}
2025-09-28 23:44:58,602 [DEBUG] Votos: {'buy': 2, 'sell': 0}
2025-09-28 23:44:58,603 [DEBUG] Votos: {'buy': 2, 'sell': 0}
2025-09-28 23:44:58,603 [DEBUG] Votos: {'buy': 2, 'sell': 0}
2025-09-28 23:44:58,604 [DEBUG] Votos: {'buy': 2, 'sell': 0}
2025-09-28 23:44:58,604 [DEBUG] Votos: {'buy': 2, 'sell': 0}
2025-09-28 23:44:58,605 [DEBUG] Votos: {'buy': 2, 'sell': 0}
2025-09-28 23:44:58,606 [DEBUG] Votos: {'buy': 2, 'sell': 0}
2025-09-28 23:44:58,606 [DEBUG] Votos: {'buy': 2, 'sell': 0}
2025-09-28 23:44:58,607 [DEBUG] Votos: {'buy': 2, 'sell': 0}
2025-09-28 23:44:58,608 [DEBUG] Votos: {'buy': 2, 'sell': 0}
2025-09-28 23:44:58,608 [DEBUG] Votos: {'buy': 2, 'sell': 0}
2025-09-28 23:44:58,609 [DEBUG] Votos: {'buy': 3, 'sell': 0}
2025-09-28 23:44:58,609 [DEBUG] Votos: {'buy': 0, 'sell': 0}
2025-09-28 23:44:58,707 [DEBUG] Evaluación estrategias: {'default': {'trades': 147, 'wins': 147, 'winrate': 1.0, 'pnl': 282.55183844378877}, 'scalp': {'trades': 141, 'wins': 141, 'winrate': 1.0, 'pnl': 272.55308896308486}, 'swing': {'trades': 155, 'wins': 155, 'winrate': 1.0, 'pnl': 300.3141049144305}}
2025-09-28 23:44:58,708 [INFO] Estrategias candidatas: ['swing', 'default']
2025-09-28 23:44:58,709 [DEBUG] Votos: {'buy': 3, 'sell': 0}
2025-09-28 23:44:58,709 [INFO] Señales top (['swing', 'default']): {'swing': 'buy', 'default': 'buy'}
2025-09-28 23:44:58,709 [INFO] Señal seleccionada tras evaluación: buy
2025-09-28 23:44:58,710 [INFO] DRY-RUN Order: {'symbol': 'R_100', 'side': 'buy', 'amount': 3.0, 'stop_loss': 1069.29685377475, 'take_profit': 1079.0663510328816}
2025-09-28 23:44:58,711 [INFO] Resultado orden: {'status': 'simulated', 'order': {'symbol': 'R_100', 'side': 'buy', 'amount': 3.0, 'stop_loss': 1069.29685377475, 'take_profit': 1079.0663510328816}}
2025-09-28 23:50:04,747 [INFO] Descargando 500 velas para R_100 (tf=1m)
2025-09-28 23:50:04,774 [INFO] Descargando 500 velas para R_100 (tf=5m)
2025-09-28 23:50:04,796 [INFO] Descargando 500 velas para R_100 (tf=1h)
2025-09-28 23:50:04,821 [DEBUG] Votos: {'buy': 2, 'sell': 0}
2025-09-28 23:50:04,822 [DEBUG] Votos: {'buy': 1, 'sell': 0}
2025-09-28 23:50:04,823 [DEBUG] Votos: {'buy': 1, 'sell': 0}
2025-09-28 23:50:04,823 [DEBUG] Votos: {'buy': 1, 'sell': 0}
2025-09-28 23:50:04,824 [DEBUG] Votos: {'buy': 1, 'sell': 0}
2025-09-28 23:50:04,825 [DEBUG] Votos: {'buy': 2, 'sell': 0}
2025-09-28 23:50:04,825 [DEBUG] Votos: {'buy': 2, 'sell': 0}
2025-09-28 23:50:04,826 [DEBUG] Votos: {'buy': 2, 'sell': 0}
2025-09-28 23:50:04,827 [DEBUG] Votos: {'buy': 2, 'sell': 0}
2025-09-28 23:50:04,827 [DEBUG] Votos: {'buy': 2, 'sell': 0}
2025-09-28 23:50:04,828 [DEBUG] Votos: {'buy': 1, 'sell': 0}
2025-09-28 23:50:04,829 [DEBUG] Votos: {'buy': 2, 'sell': 0}
2025-09-28 23:50:04,829 [DEBUG] Votos: {'buy': 2, 'sell': 0}
2025-09-28 23:50:04,829 [DEBUG] Votos: {'buy': 2, 'sell': 0}
2025-09-28 23:50:04,830 [DEBUG] Votos: {'buy': 2, 'sell': 0}
2025-09-28 23:50:04,831 [DEBUG] Votos: {'buy': 2, 'sell': 0}
2025-09-28 23:50:04,832 [DEBUG] Votos: {'buy': 2, 'sell': 0}
2025-09-28 23:50:04,833 [DEBUG] Votos: {'buy': 1, 'sell': 0}
2025-09-28 23:50:04,833 [DEBUG] Votos: {'buy': 3, 'sell': 0}
2025-09-28 23:50:04,834 [DEBUG] Votos: {'buy': 3, 'sell': 0}
2025-09-28 23:50:04,835 [DEBUG] Votos: {'buy': 3, 'sell': 0}
2025-09-28 23:50:04,835 [DEBUG] Votos: {'buy': 1, 'sell': 0}
2025-09-28 23:50:04,837 [DEBUG] Votos: {'buy': 1, 'sell': 0}
2025-09-28 23:50:04,837 [DEBUG] Votos: {'buy': 1, 'sell': 0}
2025-09-28 23:50:04,838 [DEBUG] Votos: {'buy': 1, 'sell': 0}
2025-09-28 23:50:04,839 [DEBUG] Votos: {'buy': 1, 'sell': 0}
2025-09-28 23:50:04,840 [DEBUG] Votos: {'buy': 1, 'sell': 0}
2025-09-28 23:50:04,841 [DEBUG] Votos: {'buy': 1, 'sell': 0}
2025-09-28 23:50:04,841 [DEBUG] Votos: {'buy': 1, 'sell': 0}
2025-09-28 23:50:04,842 [DEBUG] Votos: {'buy': 1, 'sell': 0}
2025-09-28 23:50:04,842 [DEBUG] Votos: {'buy': 1, 'sell': 0}
2025-09-28 23:50:04,843 [DEBUG] Votos: {'buy': 1, 'sell': 0}
2025-09-28 23:50:04,844 [DEBUG] Votos: {'buy': 1, 'sell': 0}
2025-09-28 23:50:04,844 [DEBUG] Votos: {'buy': 1, 'sell': 0}
2025-09-28 23:50:04,845 [DEBUG] Votos: {'buy': 1, 'sell': 0}
2025-09-28 23:50:04,845 [DEBUG] Votos: {'buy': 1, 'sell': 0}
2025-09-28 23:50:04,846 [DEBUG] Votos: {'buy': 1, 'sell': 0}
2025-09-28 23:50:04,847 [DEBUG] Votos: {'buy': 1, 'sell': 0}
2025-09-28 23:50:04,847 [DEBUG] Votos: {'buy': 2, 'sell': 0}
2025-09-28 23:50:04,848 [DEBUG] Votos: {'buy': 1, 'sell': 0}
2025-09-28 23:50:04,849 [DEBUG] Votos: {'buy': 1, 'sell': 0}
2025-09-28 23:50:04,849 [DEBUG] Votos: {'buy': 2, 'sell': 0}
2025-09-28 23:50:04,850 [DEBUG] Votos: {'buy': 2, 'sell': 0}
2025-09-28 23:50:04,851 [DEBUG] Votos: {'buy': 2, 'sell': 0}
2025-09-28 23:50:04,851 [DEBUG] Votos: {'buy': 2, 'sell': 0}
2025-09-28 23:50:04,852 [DEBUG] Votos: {'buy': 2, 'sell': 0}
2025-09-28 23:50:04,853 [DEBUG] Votos: {'buy': 2, 'sell': 0}
2025-09-28 23:50:04,853 [DEBUG] Votos: {'buy': 2, 'sell': 0}
2025-09-28 23:50:04,854 [DEBUG] Votos: {'buy': 2, 'sell': 0}
2025-09-28 23:50:04,855 [DEBUG] Votos: {'buy': 2, 'sell': 0}
2025-09-28 23:50:04,855 [DEBUG] Votos: {'buy': 2, 'sell': 0}
2025-09-28 23:50:04,856 [DEBUG] Votos: {'buy': 2, 'sell': 0}
2025-09-28 23:50:04,857 [DEBUG] Votos: {'buy': 1, 'sell': 0}
2025-09-28 23:50:04,857 [DEBUG] Votos: {'buy': 1, 'sell': 0}
2025-09-28 23:50:04,858 [DEBUG] Votos: {'buy': 1, 'sell': 0}
2025-09-28 23:50:04,858 [DEBUG] Votos: {'buy': 1, 'sell': 0}
2025-09-28 23:50:04,859 [DEBUG] Votos: {'buy': 1, 'sell': 0}
2025-09-28 23:50:04,859 [DEBUG] Votos: {'buy': 1, 'sell': 0}
2025-09-28 23:50:04,861 [DEBUG] Votos: {'buy': 1, 'sell': 0}
2025-09-28 23:50:04,861 [DEBUG] Votos: {'buy': 1, 'sell': 0}
2025-09-28 23:50:04,862 [DEBUG] Votos: {'buy': 1, 'sell': 0}
2025-09-28 23:50:04,863 [DEBUG] Votos: {'buy': 1, 'sell': 0}
2025-09-28 23:50:04,864 [DEBUG] Votos: {'buy': 0, 'sell': 0}
2025-09-28 23:50:04,864 [DEBUG] Votos: {'buy': 0, 'sell': 0}
2025-09-28 23:50:04,865 [DEBUG] Votos: {'buy': 0, 'sell': 0}
2025-09-28 23:50:04,866 [DEBUG] Votos: {'buy': 0, 'sell': 0}
2025-09-28 23:50:04,866 [DEBUG] Votos: {'buy': 1, 'sell': 0}
2025-09-28 23:50:04,867 [DEBUG] Votos: {'buy': 2, 'sell': 0}
2025-09-28 23:50:04,868 [DEBUG] Votos: {'buy': 2, 'sell': 0}
2025-09-28 23:50:04,868 [DEBUG] Votos: {'buy': 2, 'sell': 0}
2025-09-28 23:50:04,869 [DEBUG] Votos: {'buy': 3, 'sell': 0}
2025-09-28 23:50:04,870 [DEBUG] Votos: {'buy': 3, 'sell': 0}
2025-09-28 23:50:04,870 [DEBUG] Votos: {'buy': 3, 'sell': 0}
2025-09-28 23:50:04,871 [DEBUG] Votos: {'buy': 3, 'sell': 0}
2025-09-28 23:50:04,871 [DEBUG] Votos: {'buy': 3, 'sell': 0}
2025-09-28 23:50:04,872 [DEBUG] Votos: {'buy': 3, 'sell': 0}
2025-09-28 23:50:04,872 [DEBUG] Votos: {'buy': 3, 'sell': 0}
2025-09-28 23:50:04,873 [DEBUG] Votos: {'buy': 3, 'sell': 0}
2025-09-28 23:50:04,874 [DEBUG] Votos: {'buy': 1, 'sell': 0}
2025-09-28 23:50:04,874 [DEBUG] Votos: {'buy': 1, 'sell': 0}
2025-09-28 23:50:04,875 [DEBUG] Votos: {'buy': 2, 'sell': 0}
2025-09-28 23:50:04,876 [DEBUG] Votos: {'buy': 2, 'sell': 0}
2025-09-28 23:50:04,876 [DEBUG] Votos: {'buy': 1, 'sell': 0}
2025-09-28 23:50:04,877 [DEBUG] Votos: {'buy': 2, 'sell': 0}
2025-09-28 23:50:04,878 [DEBUG] Votos: {'buy': 2, 'sell': 0}
2025-09-28 23:50:04,878 [DEBUG] Votos: {'buy': 1, 'sell': 0}
2025-09-28 23:50:04,879 [DEBUG] Votos: {'buy': 2, 'sell': 0}
2025-09-28 23:50:04,879 [DEBUG] Votos: {'buy': 2, 'sell': 1}
2025-09-28 23:50:04,881 [DEBUG] Votos: {'buy': 2, 'sell': 1}
2025-09-28 23:50:04,881 [DEBUG] Votos: {'buy': 2, 'sell': 1}
2025-09-28 23:50:04,882 [DEBUG] Votos: {'buy': 2, 'sell': 1}
2025-09-28 23:50:04,883 [DEBUG] Votos: {'buy': 1, 'sell': 1}
2025-09-28 23:50:04,884 [DEBUG] Votos: {'buy': 1, 'sell': 1}
2025-09-28 23:50:04,884 [DEBUG] Votos: {'buy': 0, 'sell': 1}
2025-09-28 23:50:04,885 [DEBUG] Votos: {'buy': 0, 'sell': 1}
2025-09-28 23:50:04,886 [DEBUG] Votos: {'buy': 0, 'sell': 1}
2025-09-28 23:50:04,886 [DEBUG] Votos: {'buy': 0, 'sell': 1}
2025-09-28 23:50:04,887 [DEBUG] Votos: {'buy': 0, 'sell': 1}
2025-09-28 23:50:04,887 [DEBUG] Votos: {'buy': 0, 'sell': 1}
2025-09-28 23:50:04,888 [DEBUG] Votos: {'buy': 0, 'sell': 1}
2025-09-28 23:50:04,889 [DEBUG] Votos: {'buy': 0, 'sell': 1}
2025-09-28 23:50:04,889 [DEBUG] Votos: {'buy': 0, 'sell': 1}
2025-09-28 23:50:04,890 [DEBUG] Votos: {'buy': 0, 'sell': 1}
2025-09-28 23:50:04,891 [DEBUG] Votos: {'buy': 0, 'sell': 1}
2025-09-28 23:50:04,891 [DEBUG] Votos: {'buy': 1, 'sell': 1}
2025-09-28 23:50:04,892 [DEBUG] Votos: {'buy': 1, 'sell': 0}
2025-09-28 23:50:04,892 [DEBUG] Votos: {'buy': 0, 'sell': 0}
2025-09-28 23:50:04,893 [DEBUG] Votos: {'buy': 1, 'sell': 0}
2025-09-28 23:50:04,894 [DEBUG] Votos: {'buy': 1, 'sell': 0}
2025-09-28 23:50:04,895 [DEBUG] Votos: {'buy': 1, 'sell': 0}
2025-09-28 23:50:04,895 [DEBUG] Votos: {'buy': 1, 'sell': 0}
2025-09-28 23:50:04,896 [DEBUG] Votos: {'buy': 1, 'sell': 0}
2025-09-28 23:50:04,897 [DEBUG] Votos: {'buy': 1, 'sell': 0}
2025-09-28 23:50:04,897 [DEBUG] Votos: {'buy': 1, 'sell': 0}
2025-09-28 23:50:04,898 [DEBUG] Votos: {'buy': 1, 'sell': 0}
2025-09-28 23:50:04,899 [DEBUG] Votos: {'buy': 1, 'sell': 0}
2025-09-28 23:50:04,900 [DEBUG] Votos: {'buy': 1, 'sell': 0}
2025-09-28 23:50:04,901 [DEBUG] Votos: {'buy': 1, 'sell': 0}
2025-09-28 23:50:04,902 [DEBUG] Votos: {'buy': 1, 'sell': 0}
2025-09-28 23:50:04,903 [DEBUG] Votos: {'buy': 1, 'sell': 0}
2025-09-28 23:50:04,903 [DEBUG] Votos: {'buy': 1, 'sell': 0}
2025-09-28 23:50:04,904 [DEBUG] Votos: {'buy': 1, 'sell': 0}
2025-09-28 23:50:04,904 [DEBUG] Votos: {'buy': 1, 'sell': 0}
2025-09-28 23:50:04,905 [DEBUG] Votos: {'buy': 0, 'sell': 0}
2025-09-28 23:50:04,906 [DEBUG] Votos: {'buy': 1, 'sell': 0}
2025-09-28 23:50:04,906 [DEBUG] Votos: {'buy': 1, 'sell': 0}
2025-09-28 23:50:04,907 [DEBUG] Votos: {'buy': 1, 'sell': 0}
2025-09-28 23:50:04,908 [DEBUG] Votos: {'buy': 1, 'sell': 0}
2025-09-28 23:50:04,909 [DEBUG] Votos: {'buy': 1, 'sell': 0}
2025-09-28 23:50:04,909 [DEBUG] Votos: {'buy': 1, 'sell': 0}
2025-09-28 23:50:04,909 [DEBUG] Votos: {'buy': 2, 'sell': 1}
2025-09-28 23:50:04,911 [DEBUG] Votos: {'buy': 2, 'sell': 1}
2025-09-28 23:50:04,912 [DEBUG] Votos: {'buy': 2, 'sell': 1}
2025-09-28 23:50:04,912 [DEBUG] Votos: {'buy': 2, 'sell': 1}
2025-09-28 23:50:04,913 [DEBUG] Votos: {'buy': 2, 'sell': 0}
2025-09-28 23:50:04,914 [DEBUG] Votos: {'buy': 2, 'sell': 0}
2025-09-28 23:50:04,914 [DEBUG] Votos: {'buy': 1, 'sell': 0}
2025-09-28 23:50:04,915 [DEBUG] Votos: {'buy': 1, 'sell': 0}
2025-09-28 23:50:04,916 [DEBUG] Votos: {'buy': 1, 'sell': 0}
2025-09-28 23:50:04,916 [DEBUG] Votos: {'buy': 1, 'sell': 0}
2025-09-28 23:50:04,917 [DEBUG] Votos: {'buy': 1, 'sell': 0}
2025-09-28 23:50:04,917 [DEBUG] Votos: {'buy': 1, 'sell': 0}
2025-09-28 23:50:04,918 [DEBUG] Votos: {'buy': 2, 'sell': 0}
2025-09-28 23:50:04,919 [DEBUG] Votos: {'buy': 2, 'sell': 0}
2025-09-28 23:50:04,919 [DEBUG] Votos: {'buy': 2, 'sell': 0}
2025-09-28 23:50:04,920 [DEBUG] Votos: {'buy': 2, 'sell': 0}
2025-09-28 23:50:04,921 [DEBUG] Votos: {'buy': 2, 'sell': 0}
2025-09-28 23:50:04,921 [DEBUG] Votos: {'buy': 2, 'sell': 0}
2025-09-28 23:50:04,922 [DEBUG] Votos: {'buy': 2, 'sell': 0}
2025-09-28 23:50:04,923 [DEBUG] Votos: {'buy': 1, 'sell': 1}
2025-09-28 23:50:04,923 [DEBUG] Votos: {'buy': 1, 'sell': 0}
2025-09-28 23:50:04,924 [DEBUG] Votos: {'buy': 1, 'sell': 0}
2025-09-28 23:50:04,925 [DEBUG] Votos: {'buy': 1, 'sell': 0}
2025-09-28 23:50:04,926 [DEBUG] Votos: {'buy': 1, 'sell': 0}
2025-09-28 23:50:04,927 [DEBUG] Votos: {'buy': 1, 'sell': 0}
2025-09-28 23:50:04,927 [DEBUG] Votos: {'buy': 1, 'sell': 0}
2025-09-28 23:50:04,928 [DEBUG] Votos: {'buy': 1, 'sell': 0}
2025-09-28 23:50:04,928 [DEBUG] Votos: {'buy': 1, 'sell': 0}
2025-09-28 23:50:04,929 [DEBUG] Votos: {'buy': 1, 'sell': 0}
2025-09-28 23:50:04,930 [DEBUG] Votos: {'buy': 1, 'sell': 0}
2025-09-28 23:50:04,930 [DEBUG] Votos: {'buy': 1, 'sell': 0}
2025-09-28 23:50:04,931 [DEBUG] Votos: {'buy': 1, 'sell': 0}
2025-09-28 23:50:04,931 [DEBUG] Votos: {'buy': 1, 'sell': 0}
2025-09-28 23:50:04,932 [DEBUG] Votos: {'buy': 1, 'sell': 0}
2025-09-28 23:50:04,933 [DEBUG] Votos: {'buy': 1, 'sell': 1}
2025-09-28 23:50:04,933 [DEBUG] Votos: {'buy': 0, 'sell': 1}
2025-09-28 23:50:04,934 [DEBUG] Votos: {'buy': 0, 'sell': 1}
2025-09-28 23:50:04,934 [DEBUG] Votos: {'buy': 0, 'sell': 1}
2025-09-28 23:50:04,935 [DEBUG] Votos: {'buy': 0, 'sell': 1}
2025-09-28 23:50:04,936 [DEBUG] Votos: {'buy': 0, 'sell': 1}
2025-09-28 23:50:04,936 [DEBUG] Votos: {'buy': 0, 'sell': 1}
2025-09-28 23:50:04,937 [DEBUG] Votos: {'buy': 0, 'sell': 1}
2025-09-28 23:50:04,937 [DEBUG] Votos: {'buy': 0, 'sell': 1}
2025-09-28 23:50:04,938 [DEBUG] Votos: {'buy': 0, 'sell': 1}
2025-09-28 23:50:04,939 [DEBUG] Votos: {'buy': 0, 'sell': 1}
2025-09-28 23:50:04,939 [DEBUG] Votos: {'buy': 0, 'sell': 1}
2025-09-28 23:50:04,941 [DEBUG] Votos: {'buy': 0, 'sell': 1}
2025-09-28 23:50:04,941 [DEBUG] Votos: {'buy': 0, 'sell': 0}
2025-09-28 23:50:04,942 [DEBUG] Votos: {'buy': 0, 'sell': 0}
2025-09-28 23:50:04,942 [DEBUG] Votos: {'buy': 0, 'sell': 0}
2025-09-28 23:50:04,943 [DEBUG] Votos: {'buy': 0, 'sell': 1}
2025-09-28 23:50:04,944 [DEBUG] Votos: {'buy': 0, 'sell': 0}
2025-09-28 23:50:04,944 [DEBUG] Votos: {'buy': 1, 'sell': 0}
2025-09-28 23:50:04,945 [DEBUG] Votos: {'buy': 1, 'sell': 0}
2025-09-28 23:50:04,945 [DEBUG] Votos: {'buy': 1, 'sell': 0}
2025-09-28 23:50:04,946 [DEBUG] Votos: {'buy': 0, 'sell': 0}
2025-09-28 23:50:04,946 [DEBUG] Votos: {'buy': 0, 'sell': 0}
2025-09-28 23:50:04,947 [DEBUG] Votos: {'buy': 0, 'sell': 0}
2025-09-28 23:50:04,948 [DEBUG] Votos: {'buy': 0, 'sell': 0}
2025-09-28 23:50:04,948 [DEBUG] Votos: {'buy': 0, 'sell': 0}
2025-09-28 23:50:04,949 [DEBUG] Votos: {'buy': 0, 'sell': 1}
2025-09-28 23:50:04,950 [DEBUG] Votos: {'buy': 0, 'sell': 1}
2025-09-28 23:50:04,950 [DEBUG] Votos: {'buy': 1, 'sell': 1}
2025-09-28 23:50:04,951 [DEBUG] Votos: {'buy': 1, 'sell': 1}
2025-09-28 23:50:04,951 [DEBUG] Votos: {'buy': 2, 'sell': 1}
2025-09-28 23:50:04,952 [DEBUG] Votos: {'buy': 2, 'sell': 1}
2025-09-28 23:50:04,952 [DEBUG] Votos: {'buy': 2, 'sell': 1}
2025-09-28 23:50:04,953 [DEBUG] Votos: {'buy': 2, 'sell': 1}
2025-09-28 23:50:04,954 [DEBUG] Votos: {'buy': 2, 'sell': 1}
2025-09-28 23:50:04,954 [DEBUG] Votos: {'buy': 0, 'sell': 0}
2025-09-28 23:50:05,055 [DEBUG] Evaluación estrategias: {'default': {'trades': 177, 'wins': 177, 'winrate': 1.0, 'pnl': 341.71656777251474}, 'scalp': {'trades': 158, 'wins': 158, 'winrate': 1.0, 'pnl': 306.4750574365436}, 'swing': {'trades': 167, 'wins': 167, 'winrate': 1.0, 'pnl': 322.69705499661615}}
2025-09-28 23:50:05,056 [INFO] Estrategias candidatas: ['default', 'swing']
2025-09-28 23:50:05,056 [DEBUG] Votos: {'buy': 2, 'sell': 1}
2025-09-28 23:50:05,057 [INFO] Señales top (['default', 'swing']): {'default': 'buy', 'swing': None}
2025-09-28 23:50:05,057 [INFO] Ninguna estrategia confirmada tras evaluación/selección. Abortando.
2025-09-28 23:50:33,915 [INFO] Descargando 500 velas para R_100 (tf=1m)
2025-09-28 23:50:33,941 [INFO] Descargando 500 velas para R_100 (tf=5m)
2025-09-28 23:50:33,966 [INFO] Descargando 500 velas para R_100 (tf=1h)
2025-09-28 23:50:33,989 [DEBUG] Votos: {'buy': 1, 'sell': 1}
2025-09-28 23:50:33,990 [DEBUG] Votos: {'buy': 1, 'sell': 1}
2025-09-28 23:50:33,990 [DEBUG] Votos: {'buy': 1, 'sell': 1}
2025-09-28 23:50:33,991 [DEBUG] Votos: {'buy': 1, 'sell': 1}
2025-09-28 23:50:33,992 [DEBUG] Votos: {'buy': 0, 'sell': 1}
2025-09-28 23:50:33,993 [DEBUG] Votos: {'buy': 0, 'sell': 1}
2025-09-28 23:50:33,994 [DEBUG] Votos: {'buy': 0, 'sell': 1}
2025-09-28 23:50:33,995 [DEBUG] Votos: {'buy': 0, 'sell': 1}
2025-09-28 23:50:33,995 [DEBUG] Votos: {'buy': 1, 'sell': 0}
2025-09-28 23:50:33,997 [DEBUG] Votos: {'buy': 1, 'sell': 0}
2025-09-28 23:50:34,000 [DEBUG] Votos: {'buy': 1, 'sell': 0}
2025-09-28 23:50:34,003 [DEBUG] Votos: {'buy': 0, 'sell': 0}
2025-09-28 23:50:34,004 [DEBUG] Votos: {'buy': 1, 'sell': 0}
2025-09-28 23:50:34,005 [DEBUG] Votos: {'buy': 1, 'sell': 0}
2025-09-28 23:50:34,006 [DEBUG] Votos: {'buy': 0, 'sell': 0}
2025-09-28 23:50:34,007 [DEBUG] Votos: {'buy': 1, 'sell': 0}
2025-09-28 23:50:34,008 [DEBUG] Votos: {'buy': 0, 'sell': 0}
2025-09-28 23:50:34,009 [DEBUG] Votos: {'buy': 0, 'sell': 0}
2025-09-28 23:50:34,009 [DEBUG] Votos: {'buy': 1, 'sell': 0}
2025-09-28 23:50:34,010 [DEBUG] Votos: {'buy': 0, 'sell': 0}
2025-09-28 23:50:34,010 [DEBUG] Votos: {'buy': 0, 'sell': 0}
2025-09-28 23:50:34,011 [DEBUG] Votos: {'buy': 0, 'sell': 0}
2025-09-28 23:50:34,011 [DEBUG] Votos: {'buy': 0, 'sell': 1}
2025-09-28 23:50:34,013 [DEBUG] Votos: {'buy': 0, 'sell': 0}
2025-09-28 23:50:34,013 [DEBUG] Votos: {'buy': 0, 'sell': 0}
2025-09-28 23:50:34,016 [DEBUG] Votos: {'buy': 0, 'sell': 0}
2025-09-28 23:50:34,017 [DEBUG] Votos: {'buy': 0, 'sell': 0}
2025-09-28 23:50:34,018 [DEBUG] Votos: {'buy': 0, 'sell': 0}
2025-09-28 23:50:34,018 [DEBUG] Votos: {'buy': 0, 'sell': 0}
2025-09-28 23:50:34,019 [DEBUG] Votos: {'buy': 1, 'sell': 0}
2025-09-28 23:50:34,021 [DEBUG] Votos: {'buy': 1, 'sell': 0}
2025-09-28 23:50:34,021 [DEBUG] Votos: {'buy': 0, 'sell': 0}
2025-09-28 23:50:34,022 [DEBUG] Votos: {'buy': 1, 'sell': 0}
2025-09-28 23:50:34,024 [DEBUG] Votos: {'buy': 1, 'sell': 0}
2025-09-28 23:50:34,025 [DEBUG] Votos: {'buy': 1, 'sell': 0}
2025-09-28 23:50:34,026 [DEBUG] Votos: {'buy': 1, 'sell': 0}
2025-09-28 23:50:34,027 [DEBUG] Votos: {'buy': 1, 'sell': 1}
2025-09-28 23:50:34,028 [DEBUG] Votos: {'buy': 1, 'sell': 1}
2025-09-28 23:50:34,029 [DEBUG] Votos: {'buy': 1, 'sell': 2}
2025-09-28 23:50:34,030 [DEBUG] Votos: {'buy': 1, 'sell': 1}
2025-09-28 23:50:34,031 [DEBUG] Votos: {'buy': 1, 'sell': 1}
2025-09-28 23:50:34,032 [DEBUG] Votos: {'buy': 1, 'sell': 1}
2025-09-28 23:50:34,033 [DEBUG] Votos: {'buy': 1, 'sell': 1}
2025-09-28 23:50:34,034 [DEBUG] Votos: {'buy': 1, 'sell': 1}
2025-09-28 23:50:34,035 [DEBUG] Votos: {'buy': 1, 'sell': 0}
2025-09-28 23:50:34,036 [DEBUG] Votos: {'buy': 0, 'sell': 0}
2025-09-28 23:50:34,036 [DEBUG] Votos: {'buy': 0, 'sell': 0}
2025-09-28 23:50:34,037 [DEBUG] Votos: {'buy': 0, 'sell': 0}
2025-09-28 23:50:34,038 [DEBUG] Votos: {'buy': 0, 'sell': 0}
2025-09-28 23:50:34,039 [DEBUG] Votos: {'buy': 0, 'sell': 0}
2025-09-28 23:50:34,039 [DEBUG] Votos: {'buy': 0, 'sell': 0}
2025-09-28 23:50:34,040 [DEBUG] Votos: {'buy': 0, 'sell': 0}
2025-09-28 23:50:34,040 [DEBUG] Votos: {'buy': 0, 'sell': 0}
2025-09-28 23:50:34,041 [DEBUG] Votos: {'buy': 0, 'sell': 1}
2025-09-28 23:50:34,042 [DEBUG] Votos: {'buy': 0, 'sell': 0}
2025-09-28 23:50:34,042 [DEBUG] Votos: {'buy': 1, 'sell': 0}
2025-09-28 23:50:34,044 [DEBUG] Votos: {'buy': 1, 'sell': 1}
2025-09-28 23:50:34,044 [DEBUG] Votos: {'buy': 1, 'sell': 1}
2025-09-28 23:50:34,045 [DEBUG] Votos: {'buy': 2, 'sell': 0}
2025-09-28 23:50:34,046 [DEBUG] Votos: {'buy': 2, 'sell': 0}
2025-09-28 23:50:34,048 [DEBUG] Votos: {'buy': 2, 'sell': 1}
2025-09-28 23:50:34,050 [DEBUG] Votos: {'buy': 2, 'sell': 1}
2025-09-28 23:50:34,052 [DEBUG] Votos: {'buy': 2, 'sell': 0}
2025-09-28 23:50:34,053 [DEBUG] Votos: {'buy': 2, 'sell': 0}
2025-09-28 23:50:34,053 [DEBUG] Votos: {'buy': 1, 'sell': 0}
2025-09-28 23:50:34,056 [DEBUG] Votos: {'buy': 0, 'sell': 0}
2025-09-28 23:50:34,057 [DEBUG] Votos: {'buy': 0, 'sell': 0}
2025-09-28 23:50:34,057 [DEBUG] Votos: {'buy': 0, 'sell': 0}
2025-09-28 23:50:34,058 [DEBUG] Votos: {'buy': 1, 'sell': 0}
2025-09-28 23:50:34,063 [DEBUG] Votos: {'buy': 1, 'sell': 0}
2025-09-28 23:50:34,065 [DEBUG] Votos: {'buy': 1, 'sell': 0}
2025-09-28 23:50:34,068 [DEBUG] Votos: {'buy': 1, 'sell': 0}
2025-09-28 23:50:34,070 [DEBUG] Votos: {'buy': 1, 'sell': 1}
2025-09-28 23:50:34,070 [DEBUG] Votos: {'buy': 1, 'sell': 1}
2025-09-28 23:50:34,071 [DEBUG] Votos: {'buy': 1, 'sell': 0}
2025-09-28 23:50:34,073 [DEBUG] Votos: {'buy': 1, 'sell': 0}
2025-09-28 23:50:34,074 [DEBUG] Votos: {'buy': 1, 'sell': 0}
2025-09-28 23:50:34,076 [DEBUG] Votos: {'buy': 0, 'sell': 0}
2025-09-28 23:50:34,076 [DEBUG] Votos: {'buy': 0, 'sell': 0}
2025-09-28 23:50:34,077 [DEBUG] Votos: {'buy': 0, 'sell': 0}
2025-09-28 23:50:34,078 [DEBUG] Votos: {'buy': 0, 'sell': 0}
2025-09-28 23:50:34,078 [DEBUG] Votos: {'buy': 1, 'sell': 0}
2025-09-28 23:50:34,080 [DEBUG] Votos: {'buy': 0, 'sell': 0}
2025-09-28 23:50:34,082 [DEBUG] Votos: {'buy': 0, 'sell': 0}
2025-09-28 23:50:34,083 [DEBUG] Votos: {'buy': 0, 'sell': 0}
2025-09-28 23:50:34,084 [DEBUG] Votos: {'buy': 0, 'sell': 0}
2025-09-28 23:50:34,084 [DEBUG] Votos: {'buy': 1, 'sell': 0}
2025-09-28 23:50:34,086 [DEBUG] Votos: {'buy': 2, 'sell': 0}
2025-09-28 23:50:34,087 [DEBUG] Votos: {'buy': 2, 'sell': 0}
2025-09-28 23:50:34,088 [DEBUG] Votos: {'buy': 1, 'sell': 0}
2025-09-28 23:50:34,089 [DEBUG] Votos: {'buy': 0, 'sell': 0}
2025-09-28 23:50:34,090 [DEBUG] Votos: {'buy': 1, 'sell': 1}
2025-09-28 23:50:34,090 [DEBUG] Votos: {'buy': 1, 'sell': 0}
2025-09-28 23:50:34,091 [DEBUG] Votos: {'buy': 1, 'sell': 0}
2025-09-28 23:50:34,093 [DEBUG] Votos: {'buy': 0, 'sell': 0}
2025-09-28 23:50:34,094 [DEBUG] Votos: {'buy': 0, 'sell': 0}
2025-09-28 23:50:34,094 [DEBUG] Votos: {'buy': 0, 'sell': 0}
2025-09-28 23:50:34,095 [DEBUG] Votos: {'buy': 0, 'sell': 0}
2025-09-28 23:50:34,096 [DEBUG] Votos: {'buy': 0, 'sell': 0}
2025-09-28 23:50:34,097 [DEBUG] Votos: {'buy': 0, 'sell': 0}
2025-09-28 23:50:34,098 [DEBUG] Votos: {'buy': 0, 'sell': 0}
2025-09-28 23:50:34,098 [DEBUG] Votos: {'buy': 0, 'sell': 0}
2025-09-28 23:50:34,099 [DEBUG] Votos: {'buy': 0, 'sell': 0}
2025-09-28 23:50:34,100 [DEBUG] Votos: {'buy': 0, 'sell': 0}
2025-09-28 23:50:34,102 [DEBUG] Votos: {'buy': 1, 'sell': 0}
2025-09-28 23:50:34,105 [DEBUG] Votos: {'buy': 1, 'sell': 0}
2025-09-28 23:50:34,108 [DEBUG] Votos: {'buy': 2, 'sell': 0}
2025-09-28 23:50:34,112 [DEBUG] Votos: {'buy': 2, 'sell': 0}
2025-09-28 23:50:34,116 [DEBUG] Votos: {'buy': 2, 'sell': 0}
2025-09-28 23:50:34,119 [DEBUG] Votos: {'buy': 2, 'sell': 0}
2025-09-28 23:50:34,122 [DEBUG] Votos: {'buy': 2, 'sell': 0}
2025-09-28 23:50:34,125 [DEBUG] Votos: {'buy': 1, 'sell': 0}
2025-09-28 23:50:34,128 [DEBUG] Votos: {'buy': 2, 'sell': 0}
2025-09-28 23:50:34,130 [DEBUG] Votos: {'buy': 2, 'sell': 0}
2025-09-28 23:50:34,134 [DEBUG] Votos: {'buy': 2, 'sell': 0}
2025-09-28 23:50:34,136 [DEBUG] Votos: {'buy': 2, 'sell': 0}
2025-09-28 23:50:34,137 [DEBUG] Votos: {'buy': 1, 'sell': 0}
2025-09-28 23:50:34,140 [DEBUG] Votos: {'buy': 0, 'sell': 0}
2025-09-28 23:50:34,141 [DEBUG] Votos: {'buy': 1, 'sell': 0}
2025-09-28 23:50:34,143 [DEBUG] Votos: {'buy': 1, 'sell': 0}
2025-09-28 23:50:34,147 [DEBUG] Votos: {'buy': 1, 'sell': 0}
2025-09-28 23:50:34,151 [DEBUG] Votos: {'buy': 1, 'sell': 0}
2025-09-28 23:50:34,154 [DEBUG] Votos: {'buy': 0, 'sell': 0}
2025-09-28 23:50:34,154 [DEBUG] Votos: {'buy': 0, 'sell': 0}
2025-09-28 23:50:34,156 [DEBUG] Votos: {'buy': 0, 'sell': 0}
2025-09-28 23:50:34,156 [DEBUG] Votos: {'buy': 0, 'sell': 0}
2025-09-28 23:50:34,157 [DEBUG] Votos: {'buy': 0, 'sell': 0}
2025-09-28 23:50:34,158 [DEBUG] Votos: {'buy': 1, 'sell': 0}
2025-09-28 23:50:34,160 [DEBUG] Votos: {'buy': 1, 'sell': 0}
2025-09-28 23:50:34,164 [DEBUG] Votos: {'buy': 2, 'sell': 0}
2025-09-28 23:50:34,166 [DEBUG] Votos: {'buy': 2, 'sell': 0}
2025-09-28 23:50:34,169 [DEBUG] Votos: {'buy': 2, 'sell': 0}
2025-09-28 23:50:34,172 [DEBUG] Votos: {'buy': 2, 'sell': 0}
2025-09-28 23:50:34,173 [DEBUG] Votos: {'buy': 2, 'sell': 0}
2025-09-28 23:50:34,174 [DEBUG] Votos: {'buy': 2, 'sell': 0}
2025-09-28 23:50:34,177 [DEBUG] Votos: {'buy': 2, 'sell': 0}
2025-09-28 23:50:34,178 [DEBUG] Votos: {'buy': 1, 'sell': 0}
2025-09-28 23:50:34,179 [DEBUG] Votos: {'buy': 1, 'sell': 0}
2025-09-28 23:50:34,181 [DEBUG] Votos: {'buy': 2, 'sell': 0}
2025-09-28 23:50:34,183 [DEBUG] Votos: {'buy': 2, 'sell': 0}
2025-09-28 23:50:34,185 [DEBUG] Votos: {'buy': 2, 'sell': 1}
2025-09-28 23:50:34,187 [DEBUG] Votos: {'buy': 2, 'sell': 1}
2025-09-28 23:50:34,189 [DEBUG] Votos: {'buy': 2, 'sell': 1}
2025-09-28 23:50:34,191 [DEBUG] Votos: {'buy': 2, 'sell': 1}
2025-09-28 23:50:34,191 [DEBUG] Votos: {'buy': 2, 'sell': 1}
2025-09-28 23:50:34,193 [DEBUG] Votos: {'buy': 2, 'sell': 1}
2025-09-28 23:50:34,194 [DEBUG] Votos: {'buy': 2, 'sell': 1}
2025-09-28 23:50:34,195 [DEBUG] Votos: {'buy': 1, 'sell': 0}
2025-09-28 23:50:34,196 [DEBUG] Votos: {'buy': 1, 'sell': 0}
2025-09-28 23:50:34,197 [DEBUG] Votos: {'buy': 1, 'sell': 0}
2025-09-28 23:50:34,198 [DEBUG] Votos: {'buy': 1, 'sell': 0}
2025-09-28 23:50:34,200 [DEBUG] Votos: {'buy': 1, 'sell': 0}
2025-09-28 23:50:34,201 [DEBUG] Votos: {'buy': 1, 'sell': 0}
2025-09-28 23:50:34,202 [DEBUG] Votos: {'buy': 1, 'sell': 0}
2025-09-28 23:50:34,203 [DEBUG] Votos: {'buy': 1, 'sell': 0}
2025-09-28 23:50:34,204 [DEBUG] Votos: {'buy': 1, 'sell': 0}
2025-09-28 23:50:34,205 [DEBUG] Votos: {'buy': 1, 'sell': 0}
2025-09-28 23:50:34,206 [DEBUG] Votos: {'buy': 1, 'sell': 0}
2025-09-28 23:50:34,207 [DEBUG] Votos: {'buy': 1, 'sell': 0}
2025-09-28 23:50:34,207 [DEBUG] Votos: {'buy': 1, 'sell': 0}
2025-09-28 23:50:34,208 [DEBUG] Votos: {'buy': 1, 'sell': 0}
2025-09-28 23:50:34,209 [DEBUG] Votos: {'buy': 1, 'sell': 0}
2025-09-28 23:50:34,210 [DEBUG] Votos: {'buy': 0, 'sell': 0}
2025-09-28 23:50:34,211 [DEBUG] Votos: {'buy': 0, 'sell': 0}
2025-09-28 23:50:34,211 [DEBUG] Votos: {'buy': 0, 'sell': 0}
2025-09-28 23:50:34,213 [DEBUG] Votos: {'buy': 1, 'sell': 0}
2025-09-28 23:50:34,213 [DEBUG] Votos: {'buy': 1, 'sell': 0}
2025-09-28 23:50:34,214 [DEBUG] Votos: {'buy': 1, 'sell': 0}
2025-09-28 23:50:34,215 [DEBUG] Votos: {'buy': 1, 'sell': 0}
2025-09-28 23:50:34,217 [DEBUG] Votos: {'buy': 1, 'sell': 0}
2025-09-28 23:50:34,219 [DEBUG] Votos: {'buy': 1, 'sell': 0}
2025-09-28 23:50:34,220 [DEBUG] Votos: {'buy': 0, 'sell': 0}
2025-09-28 23:50:34,220 [DEBUG] Votos: {'buy': 0, 'sell': 0}
2025-09-28 23:50:34,221 [DEBUG] Votos: {'buy': 0, 'sell': 1}
2025-09-28 23:50:34,222 [DEBUG] Votos: {'buy': 0, 'sell': 0}
2025-09-28 23:50:34,222 [DEBUG] Votos: {'buy': 0, 'sell': 0}
2025-09-28 23:50:34,223 [DEBUG] Votos: {'buy': 0, 'sell': 0}
2025-09-28 23:50:34,224 [DEBUG] Votos: {'buy': 0, 'sell': 1}
2025-09-28 23:50:34,224 [DEBUG] Votos: {'buy': 0, 'sell': 1}
2025-09-28 23:50:34,225 [DEBUG] Votos: {'buy': 0, 'sell': 1}
2025-09-28 23:50:34,226 [DEBUG] Votos: {'buy': 1, 'sell': 1}
2025-09-28 23:50:34,226 [DEBUG] Votos: {'buy': 1, 'sell': 1}
2025-09-28 23:50:34,227 [DEBUG] Votos: {'buy': 1, 'sell': 1}
2025-09-28 23:50:34,228 [DEBUG] Votos: {'buy': 1, 'sell': 0}
2025-09-28 23:50:34,229 [DEBUG] Votos: {'buy': 1, 'sell': 0}
2025-09-28 23:50:34,231 [DEBUG] Votos: {'buy': 1, 'sell': 0}
2025-09-28 23:50:34,233 [DEBUG] Votos: {'buy': 1, 'sell': 0}
2025-09-28 23:50:34,235 [DEBUG] Votos: {'buy': 1, 'sell': 0}
2025-09-28 23:50:34,236 [DEBUG] Votos: {'buy': 1, 'sell': 0}
2025-09-28 23:50:34,237 [DEBUG] Votos: {'buy': 1, 'sell': 0}
2025-09-28 23:50:34,238 [DEBUG] Votos: {'buy': 1, 'sell': 0}
2025-09-28 23:50:34,239 [DEBUG] Votos: {'buy': 1, 'sell': 0}
2025-09-28 23:50:34,240 [DEBUG] Votos: {'buy': 1, 'sell': 0}
2025-09-28 23:50:34,241 [DEBUG] Votos: {'buy': 1, 'sell': 1}
2025-09-28 23:50:34,242 [DEBUG] Votos: {'buy': 1, 'sell': 0}
2025-09-28 23:50:34,242 [DEBUG] Votos: {'buy': 1, 'sell': 1}
2025-09-28 23:50:34,243 [DEBUG] Votos: {'buy': 1, 'sell': 1}
2025-09-28 23:50:34,244 [DEBUG] Votos: {'buy': 1, 'sell': 1}
2025-09-28 23:50:34,244 [DEBUG] Votos: {'buy': 1, 'sell': 1}
2025-09-28 23:50:34,245 [DEBUG] Votos: {'buy': 1, 'sell': 1}
2025-09-28 23:50:34,567 [DEBUG] Evaluación estrategias: {'default': {'trades': 116, 'wins': 29, 'winrate': 0.25, 'pnl': -52.149156129547684, 'trends': {'1m': 'up', '5m': 'down', '1h': 'up'}}, 'scalp': {'trades': 103, 'wins': 21, 'winrate': 0.20388349514563106, 'pnl': -91.99626933682165, 'trends': {'1m': 'up', '5m': 'down', '1h': 'up'}}, 'swing': {'trades': 161, 'wins': 34, 'winrate': 0.2111801242236025, 'pnl': -149.71212924198943, 'trends': {'1m': 'up', '5m': 'down', '1h': 'up'}}}
2025-09-28 23:50:34,568 [INFO] Ninguna estrategia cumple el umbral de evaluación: {'default': {'trades': 116, 'wins': 29, 'winrate': 0.25, 'pnl': -52.149156129547684, 'trends': {'1m': 'up', '5m': 'down', '1h': 'up'}}, 'scalp': {'trades': 103, 'wins': 21, 'winrate': 0.20388349514563106, 'pnl': -91.99626933682165, 'trends': {'1m': 'up', '5m': 'down', '1h': 'up'}}, 'swing': {'trades': 161, 'wins': 34, 'winrate': 0.2111801242236025, 'pnl': -149.71212924198943, 'trends': {'1m': 'up', '5m': 'down', '1h': 'up'}}}
2025-09-28 23:50:34,568 [INFO] Ninguna estrategia confirmada tras evaluación/selección. Abortando.
2025-09-28 23:53:11,869 [INFO] Knowledge Base actual:
2025-09-28 23:53:11,869 [INFO] instruments: {'synthetic_indices': 'Índices sintéticos de volatilidad que no dependen de noticias reales, operan 24/7.', 'forex': 'Mercado de divisas, influenciado por noticias macro y sesiones de mercado.', 'crypto': 'Criptomonedas, alta volatilidad y sensibilidad a eventos del ecosistema.'}
2025-09-28 23:53:11,869 [INFO] orders: {'up': 'Compra (UP): apostar a que el precio subirá.', 'down': 'Venta (DOWN): apostar a que el precio bajará.', 'sl': 'Stop Loss: nivel de precio para limitar pérdidas.', 'tp': 'Take Profit: nivel de precio para asegurar ganancias.'}
2025-09-28 23:53:11,870 [INFO] candles: Cada vela tiene open, high, low, close. El cuerpo indica fuerza; las mechas muestran extremos.
2025-09-28 23:53:11,870 [INFO] timeframes: Temporalidades permiten ver contexto diferente: 1m (micro), 5m (intraday), 1h (swing), 4h/1d (trend).
2025-09-28 23:53:11,870 [INFO] risk: Gestión de riesgo: calcular tamaño por % de capital (ej. 1%). Nunca arriesgar más del límite.
2025-09-28 23:55:06,093 [INFO] Evaluación rápida de estrategias (explain):
2025-09-28 23:55:06,094 [INFO]  - default => trades=88 winrate=0.31 pnl=10.84
2025-09-28 23:55:06,095 [INFO]  - scalp => trades=107 winrate=0.25 pnl=-87.89
2025-09-28 23:55:06,095 [INFO]  - swing => trades=182 winrate=0.33 pnl=61.06
2025-09-28 23:55:06,095 [INFO] Tendencia detectada en 1m: down
